<?xml version="1.0" encoding="UTF-8"?>
<testng-results skipped="3" failed="0" ignored="0" total="3" passed="0">
  <reporter-output>
  </reporter-output>
  <suite name="Default suite" duration-ms="53" started-at="2019-07-17T10:01:58Z" finished-at="2019-07-17T10:01:58Z">
    <groups>
      <group name="regression">
        <method signature="Login.cartverification()[pri:2, instance:admin.Login@5e3a8624]" name="cartverification" class="admin.Login"/>
        <method signature="Login.searchFunctionality()[pri:1, instance:admin.Login@5e3a8624]" name="searchFunctionality" class="admin.Login"/>
      </group> <!-- regression -->
      <group name="smoke">
        <method signature="Login.searchFunctionality()[pri:1, instance:admin.Login@5e3a8624]" name="searchFunctionality" class="admin.Login"/>
      </group> <!-- smoke -->
    </groups>
    <test name="Default test" duration-ms="53" started-at="2019-07-17T10:01:58Z" finished-at="2019-07-17T10:01:58Z">
      <class name="admin.Login">
        <test-method status="FAIL" signature="beforeSuite(java.lang.String)[pri:0, instance:admin.Login@5e3a8624]" name="beforeSuite" is-config="true" duration-ms="0" started-at="2019-07-17T10:01:58Z" finished-at="2019-07-17T10:01:58Z">
          <exception class="org.testng.TestNGException">
            <message>
              <![CDATA[
Parameter 'browser' is required by BeforeSuite on method beforeSuite but has not been marked @Optional or defined
in C:\Users\ksi001\AppData\Local\Temp\testng-eclipse-1636436017\testng-customsuite.xml]]>
            </message>
            <full-stacktrace>
              <![CDATA[org.testng.TestNGException: 
Parameter 'browser' is required by BeforeSuite on method beforeSuite but has not been marked @Optional or defined
in C:\Users\ksi001\AppData\Local\Temp\testng-eclipse-1636436017\testng-customsuite.xml
at org.testng.internal.Parameters.createParams(Parameters.java:290)
at org.testng.internal.Parameters.createParametersForMethod(Parameters.java:359)
at org.testng.internal.Parameters.createParameters(Parameters.java:620)
at org.testng.internal.Parameters.createConfigurationParameters(Parameters.java:190)
at org.testng.internal.Invoker.invokeConfigurations(Invoker.java:209)
at org.testng.internal.Invoker.invokeConfigurations(Invoker.java:142)
at org.testng.SuiteRunner.privateRun(SuiteRunner.java:401)
at org.testng.SuiteRunner.run(SuiteRunner.java:364)
at org.testng.SuiteRunnerWorker.runSuite(SuiteRunnerWorker.java:52)
at org.testng.SuiteRunnerWorker.run(SuiteRunnerWorker.java:84)
at org.testng.TestNG.runSuitesSequentially(TestNG.java:1208)
at org.testng.TestNG.runSuitesLocally(TestNG.java:1137)
at org.testng.TestNG.runSuites(TestNG.java:1049)
at org.testng.TestNG.run(TestNG.java:1017)
at org.testng.remote.AbstractRemoteTestNG.run(AbstractRemoteTestNG.java:115)
at org.testng.remote.RemoteTestNG.initAndRun(RemoteTestNG.java:251)
at org.testng.remote.RemoteTestNG.main(RemoteTestNG.java:77)
]]>
            </full-stacktrace>
          </exception> <!-- org.testng.TestNGException -->
          <reporter-output>
          </reporter-output>
        </test-method> <!-- beforeSuite -->
        <test-method status="SKIP" signature="beforeTest(java.lang.String)[pri:0, instance:admin.Login@5e3a8624]" name="beforeTest" is-config="true" duration-ms="0" started-at="2019-07-17T10:01:58Z" finished-at="2019-07-17T10:01:58Z">
          <reporter-output>
          </reporter-output>
        </test-method> <!-- beforeTest -->
        <test-method status="SKIP" signature="beforeClass()[pri:0, instance:admin.Login@5e3a8624]" name="beforeClass" is-config="true" duration-ms="0" started-at="2019-07-17T10:01:58Z" finished-at="2019-07-17T10:01:58Z">
          <reporter-output>
          </reporter-output>
        </test-method> <!-- beforeClass -->
        <test-method status="SKIP" signature="beforeMethod()[pri:0, instance:admin.Login@5e3a8624]" name="beforeMethod" is-config="true" duration-ms="0" started-at="2019-07-17T10:01:58Z" finished-at="2019-07-17T10:01:58Z">
          <reporter-output>
          </reporter-output>
        </test-method> <!-- beforeMethod -->
        <test-method status="SKIP" signature="f()[pri:0, instance:admin.Login@5e3a8624]" name="f" duration-ms="0" started-at="2019-07-17T10:01:58Z" finished-at="2019-07-17T10:01:58Z">
          <exception class="org.testng.TestNGException">
            <message>
              <![CDATA[
Parameter 'browser' is required by BeforeSuite on method beforeSuite but has not been marked @Optional or defined
in C:\Users\ksi001\AppData\Local\Temp\testng-eclipse-1636436017\testng-customsuite.xml]]>
            </message>
            <full-stacktrace>
              <![CDATA[org.testng.TestNGException: 
Parameter 'browser' is required by BeforeSuite on method beforeSuite but has not been marked @Optional or defined
in C:\Users\ksi001\AppData\Local\Temp\testng-eclipse-1636436017\testng-customsuite.xml
at org.testng.internal.Parameters.createParams(Parameters.java:290)
at org.testng.internal.Parameters.createParametersForMethod(Parameters.java:359)
at org.testng.internal.Parameters.createParameters(Parameters.java:620)
at org.testng.internal.Parameters.createConfigurationParameters(Parameters.java:190)
at org.testng.internal.Invoker.invokeConfigurations(Invoker.java:209)
at org.testng.internal.Invoker.invokeConfigurations(Invoker.java:142)
at org.testng.SuiteRunner.privateRun(SuiteRunner.java:401)
at org.testng.SuiteRunner.run(SuiteRunner.java:364)
at org.testng.SuiteRunnerWorker.runSuite(SuiteRunnerWorker.java:52)
at org.testng.SuiteRunnerWorker.run(SuiteRunnerWorker.java:84)
at org.testng.TestNG.runSuitesSequentially(TestNG.java:1208)
at org.testng.TestNG.runSuitesLocally(TestNG.java:1137)
at org.testng.TestNG.runSuites(TestNG.java:1049)
at org.testng.TestNG.run(TestNG.java:1017)
at org.testng.remote.AbstractRemoteTestNG.run(AbstractRemoteTestNG.java:115)
at org.testng.remote.RemoteTestNG.initAndRun(RemoteTestNG.java:251)
at org.testng.remote.RemoteTestNG.main(RemoteTestNG.java:77)
]]>
            </full-stacktrace>
          </exception> <!-- org.testng.TestNGException -->
          <reporter-output>
          </reporter-output>
        </test-method> <!-- f -->
        <test-method status="SKIP" signature="afterMethod()[pri:0, instance:admin.Login@5e3a8624]" name="afterMethod" is-config="true" duration-ms="0" started-at="2019-07-17T10:01:58Z" finished-at="2019-07-17T10:01:58Z">
          <reporter-output>
          </reporter-output>
        </test-method> <!-- afterMethod -->
        <test-method status="SKIP" signature="beforeMethod()[pri:0, instance:admin.Login@5e3a8624]" name="beforeMethod" is-config="true" duration-ms="0" started-at="2019-07-17T10:01:58Z" finished-at="2019-07-17T10:01:58Z">
          <reporter-output>
          </reporter-output>
        </test-method> <!-- beforeMethod -->
        <test-method status="SKIP" signature="searchFunctionality()[pri:1, instance:admin.Login@5e3a8624]" name="searchFunctionality" duration-ms="0" started-at="2019-07-17T10:01:58Z" finished-at="2019-07-17T10:01:58Z">
          <exception class="org.testng.TestNGException">
            <message>
              <![CDATA[
Parameter 'browser' is required by BeforeSuite on method beforeSuite but has not been marked @Optional or defined
in C:\Users\ksi001\AppData\Local\Temp\testng-eclipse-1636436017\testng-customsuite.xml]]>
            </message>
            <full-stacktrace>
              <![CDATA[org.testng.TestNGException: 
Parameter 'browser' is required by BeforeSuite on method beforeSuite but has not been marked @Optional or defined
in C:\Users\ksi001\AppData\Local\Temp\testng-eclipse-1636436017\testng-customsuite.xml
at org.testng.internal.Parameters.createParams(Parameters.java:290)
at org.testng.internal.Parameters.createParametersForMethod(Parameters.java:359)
at org.testng.internal.Parameters.createParameters(Parameters.java:620)
at org.testng.internal.Parameters.createConfigurationParameters(Parameters.java:190)
at org.testng.internal.Invoker.invokeConfigurations(Invoker.java:209)
at org.testng.internal.Invoker.invokeConfigurations(Invoker.java:142)
at org.testng.SuiteRunner.privateRun(SuiteRunner.java:401)
at org.testng.SuiteRunner.run(SuiteRunner.java:364)
at org.testng.SuiteRunnerWorker.runSuite(SuiteRunnerWorker.java:52)
at org.testng.SuiteRunnerWorker.run(SuiteRunnerWorker.java:84)
at org.testng.TestNG.runSuitesSequentially(TestNG.java:1208)
at org.testng.TestNG.runSuitesLocally(TestNG.java:1137)
at org.testng.TestNG.runSuites(TestNG.java:1049)
at org.testng.TestNG.run(TestNG.java:1017)
at org.testng.remote.AbstractRemoteTestNG.run(AbstractRemoteTestNG.java:115)
at org.testng.remote.RemoteTestNG.initAndRun(RemoteTestNG.java:251)
at org.testng.remote.RemoteTestNG.main(RemoteTestNG.java:77)
]]>
            </full-stacktrace>
          </exception> <!-- org.testng.TestNGException -->
          <reporter-output>
          </reporter-output>
        </test-method> <!-- searchFunctionality -->
        <test-method status="SKIP" signature="afterMethod()[pri:0, instance:admin.Login@5e3a8624]" name="afterMethod" is-config="true" duration-ms="0" started-at="2019-07-17T10:01:58Z" finished-at="2019-07-17T10:01:58Z">
          <reporter-output>
          </reporter-output>
        </test-method> <!-- afterMethod -->
        <test-method status="SKIP" signature="beforeMethod()[pri:0, instance:admin.Login@5e3a8624]" name="beforeMethod" is-config="true" duration-ms="0" started-at="2019-07-17T10:01:58Z" finished-at="2019-07-17T10:01:58Z">
          <reporter-output>
          </reporter-output>
        </test-method> <!-- beforeMethod -->
        <test-method status="SKIP" signature="cartverification()[pri:2, instance:admin.Login@5e3a8624]" name="cartverification" duration-ms="0" started-at="2019-07-17T10:01:58Z" finished-at="2019-07-17T10:01:58Z">
          <exception class="org.testng.TestNGException">
            <message>
              <![CDATA[
Parameter 'browser' is required by BeforeSuite on method beforeSuite but has not been marked @Optional or defined
in C:\Users\ksi001\AppData\Local\Temp\testng-eclipse-1636436017\testng-customsuite.xml]]>
            </message>
            <full-stacktrace>
              <![CDATA[org.testng.TestNGException: 
Parameter 'browser' is required by BeforeSuite on method beforeSuite but has not been marked @Optional or defined
in C:\Users\ksi001\AppData\Local\Temp\testng-eclipse-1636436017\testng-customsuite.xml
at org.testng.internal.Parameters.createParams(Parameters.java:290)
at org.testng.internal.Parameters.createParametersForMethod(Parameters.java:359)
at org.testng.internal.Parameters.createParameters(Parameters.java:620)
at org.testng.internal.Parameters.createConfigurationParameters(Parameters.java:190)
at org.testng.internal.Invoker.invokeConfigurations(Invoker.java:209)
at org.testng.internal.Invoker.invokeConfigurations(Invoker.java:142)
at org.testng.SuiteRunner.privateRun(SuiteRunner.java:401)
at org.testng.SuiteRunner.run(SuiteRunner.java:364)
at org.testng.SuiteRunnerWorker.runSuite(SuiteRunnerWorker.java:52)
at org.testng.SuiteRunnerWorker.run(SuiteRunnerWorker.java:84)
at org.testng.TestNG.runSuitesSequentially(TestNG.java:1208)
at org.testng.TestNG.runSuitesLocally(TestNG.java:1137)
at org.testng.TestNG.runSuites(TestNG.java:1049)
at org.testng.TestNG.run(TestNG.java:1017)
at org.testng.remote.AbstractRemoteTestNG.run(AbstractRemoteTestNG.java:115)
at org.testng.remote.RemoteTestNG.initAndRun(RemoteTestNG.java:251)
at org.testng.remote.RemoteTestNG.main(RemoteTestNG.java:77)
]]>
            </full-stacktrace>
          </exception> <!-- org.testng.TestNGException -->
          <reporter-output>
          </reporter-output>
        </test-method> <!-- cartverification -->
        <test-method status="SKIP" signature="afterMethod()[pri:0, instance:admin.Login@5e3a8624]" name="afterMethod" is-config="true" duration-ms="0" started-at="2019-07-17T10:01:58Z" finished-at="2019-07-17T10:01:58Z">
          <reporter-output>
          </reporter-output>
        </test-method> <!-- afterMethod -->
        <test-method status="SKIP" signature="afterClass()[pri:0, instance:admin.Login@5e3a8624]" name="afterClass" is-config="true" duration-ms="0" started-at="2019-07-17T10:01:58Z" finished-at="2019-07-17T10:01:58Z">
          <reporter-output>
          </reporter-output>
        </test-method> <!-- afterClass -->
        <test-method status="SKIP" signature="afterTest()[pri:0, instance:admin.Login@5e3a8624]" name="afterTest" is-config="true" duration-ms="0" started-at="2019-07-17T10:01:58Z" finished-at="2019-07-17T10:01:58Z">
          <reporter-output>
          </reporter-output>
        </test-method> <!-- afterTest -->
        <test-method status="SKIP" signature="afterSuite()[pri:0, instance:admin.Login@5e3a8624]" name="afterSuite" is-config="true" duration-ms="0" started-at="2019-07-17T10:01:58Z" finished-at="2019-07-17T10:01:58Z">
          <reporter-output>
          </reporter-output>
        </test-method> <!-- afterSuite -->
      </class> <!-- admin.Login -->
    </test> <!-- Default test -->
  </suite> <!-- Default suite -->
</testng-results>
